PDOException: SQLSTATE[23000]: Integrity constraint violation: 1048 Column 'overview' cannot be null in /Applications/MAMP/htdocs/Deliverables3/class/Logic.php:306
Stack trace:
#0 /Applications/MAMP/htdocs/Deliverables3/class/Logic.php(306): PDOStatement->execute(Array)
#1 /Applications/MAMP/htdocs/Deliverables3/class/Logic.php(197): DatabaseLogic::db_insert('INSERT INTO `in...', Array)
#2 /Applications/MAMP/htdocs/Deliverables3/src/StaffView/control/post/post.php(50): PostLogic::post_submission('INSERT INTO `in...', Array)
#3 {main}PDOException: SQLSTATE[23000]: Integrity constraint violation: 1048 Column 'overview' cannot be null in /Applications/MAMP/htdocs/Deliverables3/class/Logic.php:306
Stack trace:
#0 /Applications/MAMP/htdocs/Deliverables3/class/Logic.php(306): PDOStatement->execute(Array)
#1 /Applications/MAMP/htdocs/Deliverables3/class/Logic.php(197): DatabaseLogic::db_insert('INSERT INTO `in...', Array)
#2 /Applications/MAMP/htdocs/Deliverables3/src/StaffView/control/post/post.php(50): PostLogic::post_submission('INSERT INTO `in...', Array)
#3 {main}PDOException: SQLSTATE[23000]: Integrity constraint violation: 1048 Column 'overview' cannot be null in /Applications/MAMP/htdocs/Deliverables3/class/Logic.php:306
Stack trace:
#0 /Applications/MAMP/htdocs/Deliverables3/class/Logic.php(306): PDOStatement->execute(Array)
#1 /Applications/MAMP/htdocs/Deliverables3/class/Logic.php(197): DatabaseLogic::db_insert('INSERT INTO `in...', Array)
#2 /Applications/MAMP/htdocs/Deliverables3/src/StaffView/control/post/post.php(50): PostLogic::post_submission('INSERT INTO `in...', Array)
#3 {main}PDOException: SQLSTATE[23000]: Integrity constraint violation: 1048 Column 'overview' cannot be null in /Applications/MAMP/htdocs/Deliverables3/class/Logic.php:306
Stack trace:
#0 /Applications/MAMP/htdocs/Deliverables3/class/Logic.php(306): PDOStatement->execute(Array)
#1 /Applications/MAMP/htdocs/Deliverables3/class/Logic.php(197): DatabaseLogic::db_insert('INSERT INTO `in...', Array)
#2 /Applications/MAMP/htdocs/Deliverables3/src/StaffView/control/post/post.php(51): PostLogic::post_submission('INSERT INTO `in...', Array)
#3 {main}PDOException: SQLSTATE[23000]: Integrity constraint violation: 1048 Column 'overview' cannot be null in /Applications/MAMP/htdocs/Deliverables3/class/Logic.php:306
Stack trace:
#0 /Applications/MAMP/htdocs/Deliverables3/class/Logic.php(306): PDOStatement->execute(Array)
#1 /Applications/MAMP/htdocs/Deliverables3/class/Logic.php(197): DatabaseLogic::db_insert('INSERT INTO `in...', Array)
#2 /Applications/MAMP/htdocs/Deliverables3/src/StaffView/control/post/post.php(51): PostLogic::post_submission('INSERT INTO `in...', Array)
#3 {main}