PDOException: SQLSTATE[42000]: Syntax error or access violation: 1064 You have an error in your SQL syntax; check the manual that corresponds to your MySQL server version for the right syntax to use near 'FROM intern_information i, staff_master s WHERE i.user_id = u.id ORDER BY id DES' at line 1 in /Applications/MAMP/htdocs/Deliverables3/class/Logic.php:267
Stack trace:
#0 /Applications/MAMP/htdocs/Deliverables3/class/Logic.php(267): PDOStatement->execute()
#1 /Applications/MAMP/htdocs/Deliverables3/class/Logic.php(181): DatabaseLogic::db_select('SELECT i.id, i....')
#2 /Applications/MAMP/htdocs/Deliverables3/src/StaffView/control/post_list.php(31): PostLogic::post_acquisition('SELECT i.id, i....')
#3 {main}PDOException: SQLSTATE[42000]: Syntax error or access violation: 1064 You have an error in your SQL syntax; check the manual that corresponds to your MySQL server version for the right syntax to use near 'FROM intern_information i, staff_master s WHERE i.user_id = s.id ORDER BY id DES' at line 1 in /Applications/MAMP/htdocs/Deliverables3/class/Logic.php:267
Stack trace:
#0 /Applications/MAMP/htdocs/Deliverables3/class/Logic.php(267): PDOStatement->execute()
#1 /Applications/MAMP/htdocs/Deliverables3/class/Logic.php(181): DatabaseLogic::db_select('SELECT i.id, i....')
#2 /Applications/MAMP/htdocs/Deliverables3/src/StaffView/control/post_list.php(31): PostLogic::post_acquisition('SELECT i.id, i....')
#3 {main}PDOException: SQLSTATE[42000]: Syntax error or access violation: 1064 You have an error in your SQL syntax; check the manual that corresponds to your MySQL server version for the right syntax to use near 'FROM intern_information i, staff_master s WHERE i.user_id = s.id ORDER BY s.id D' at line 1 in /Applications/MAMP/htdocs/Deliverables3/class/Logic.php:267
Stack trace:
#0 /Applications/MAMP/htdocs/Deliverables3/class/Logic.php(267): PDOStatement->execute()
#1 /Applications/MAMP/htdocs/Deliverables3/class/Logic.php(181): DatabaseLogic::db_select('SELECT i.id, i....')
#2 /Applications/MAMP/htdocs/Deliverables3/src/StaffView/control/post_list.php(31): PostLogic::post_acquisition('SELECT i.id, i....')
#3 {main}PDOException: SQLSTATE[42000]: Syntax error or access violation: 1064 You have an error in your SQL syntax; check the manual that corresponds to your MySQL server version for the right syntax to use near 'FROM intern_information i, staff_master s WHERE i.staff_id = s.id ORDER BY id DE' at line 1 in /Applications/MAMP/htdocs/Deliverables3/class/Logic.php:267
Stack trace:
#0 /Applications/MAMP/htdocs/Deliverables3/class/Logic.php(267): PDOStatement->execute()
#1 /Applications/MAMP/htdocs/Deliverables3/class/Logic.php(181): DatabaseLogic::db_select('SELECT i.id, i....')
#2 /Applications/MAMP/htdocs/Deliverables3/src/StaffView/control/post_list.php(34): PostLogic::post_acquisition('SELECT i.id, i....')
#3 {main}PDOException: SQLSTATE[42000]: Syntax error or access violation: 1064 You have an error in your SQL syntax; check the manual that corresponds to your MySQL server version for the right syntax to use near 'FROM intern_information i, staff_master s WHERE i.staff_id = s.id ORDER BY id DE' at line 1 in /Applications/MAMP/htdocs/Deliverables3/class/Logic.php:267
Stack trace:
#0 /Applications/MAMP/htdocs/Deliverables3/class/Logic.php(267): PDOStatement->execute()
#1 /Applications/MAMP/htdocs/Deliverables3/class/Logic.php(181): DatabaseLogic::db_select('SELECT i.id, i....')
#2 /Applications/MAMP/htdocs/Deliverables3/src/StaffView/control/post_list.php(34): PostLogic::post_acquisition('SELECT i.id, i....')
#3 {main}PDOException: SQLSTATE[42S22]: Column not found: 1054 Unknown column 'i.user_id' in 'field list' in /Applications/MAMP/htdocs/Deliverables3/class/Logic.php:267
Stack trace:
#0 /Applications/MAMP/htdocs/Deliverables3/class/Logic.php(267): PDOStatement->execute()
#1 /Applications/MAMP/htdocs/Deliverables3/class/Logic.php(181): DatabaseLogic::db_select('SELECT i.id, i....')
#2 /Applications/MAMP/htdocs/Deliverables3/src/StaffView/control/post_list.php(34): PostLogic::post_acquisition('SELECT i.id, i....')
#3 {main}PDOException: SQLSTATE[42S22]: Column not found: 1054 Unknown column 'i.user_id' in 'where clause' in /Applications/MAMP/htdocs/Deliverables3/class/Logic.php:267
Stack trace:
#0 /Applications/MAMP/htdocs/Deliverables3/class/Logic.php(267): PDOStatement->execute()
#1 /Applications/MAMP/htdocs/Deliverables3/class/Logic.php(181): DatabaseLogic::db_select('SELECT i.id, i....')
#2 /Applications/MAMP/htdocs/Deliverables3/src/StaffView/control/post_list.php(34): PostLogic::post_acquisition('SELECT i.id, i....')
#3 {main}PDOException: SQLSTATE[42S22]: Column not found: 1054 Unknown column 'i.u.name' in 'field list' in /Applications/MAMP/htdocs/Deliverables3/class/Logic.php:267
Stack trace:
#0 /Applications/MAMP/htdocs/Deliverables3/class/Logic.php(267): PDOStatement->execute()
#1 /Applications/MAMP/htdocs/Deliverables3/class/Logic.php(181): DatabaseLogic::db_select('SELECT i.id, i....')
#2 /Applications/MAMP/htdocs/Deliverables3/src/StaffView/control/post_list.php(34): PostLogic::post_acquisition('SELECT i.id, i....')
#3 {main}