PDOException: SQLSTATE[42S22]: Column not found: 1054 Unknown column 'intern_table.post_id' in 'on clause' in /Applications/MAMP/htdocs/Deliverables3/class/Logic.php:156
Stack trace:
#0 /Applications/MAMP/htdocs/Deliverables3/class/Logic.php(156): PDOStatement->execute(Array)
#1 /Applications/MAMP/htdocs/Deliverables3/src/UserView/intern_experience/comment/comment.php(48): SystemLogic::db_select_argument('SELECT * FROM `...', Array)
#2 {main}PDOException: SQLSTATE[42000]: Syntax error or access violation: 1064 You have an error in your SQL syntax; check the manual that corresponds to your MySQL server version for the right syntax to use near '?' at line 1 in /Applications/MAMP/htdocs/Deliverables3/class/Logic.php:205
Stack trace:
#0 /Applications/MAMP/htdocs/Deliverables3/class/Logic.php(205): PDOStatement->execute(NULL)
#1 /Applications/MAMP/htdocs/Deliverables3/src/UserView/intern_experience/comment/comment.php(66): SystemLogic::db_insert('SELECT * FROM `...', NULL)
#2 {main}PDOException: SQLSTATE[HY093]: Invalid parameter number: number of bound variables does not match number of tokens in /Applications/MAMP/htdocs/Deliverables3/class/Logic.php:205
Stack trace:
#0 /Applications/MAMP/htdocs/Deliverables3/class/Logic.php(205): PDOStatement->execute(Array)
#1 /Applications/MAMP/htdocs/Deliverables3/src/UserView/intern_experience/comment/comment.php(64): SystemLogic::db_insert('SELECT * FROM `...', Array)
#2 {main}PDOException: SQLSTATE[HY093]: Invalid parameter number: number of bound variables does not match number of tokens in /Applications/MAMP/htdocs/Deliverables3/class/Logic.php:205
Stack trace:
#0 /Applications/MAMP/htdocs/Deliverables3/class/Logic.php(205): PDOStatement->execute(Array)
#1 /Applications/MAMP/htdocs/Deliverables3/src/UserView/intern_experience/comment/comment.php(64): SystemLogic::db_insert('SELECT * FROM `...', Array)
#2 {main}PDOException: SQLSTATE[HY093]: Invalid parameter number: number of bound variables does not match number of tokens in /Applications/MAMP/htdocs/Deliverables3/class/Logic.php:205
Stack trace:
#0 /Applications/MAMP/htdocs/Deliverables3/class/Logic.php(205): PDOStatement->execute(Array)
#1 /Applications/MAMP/htdocs/Deliverables3/src/UserView/intern_experience/comment/comment.php(66): SystemLogic::db_insert('SELECT * FROM `...', Array)
#2 {main}PDOException: SQLSTATE[HY093]: Invalid parameter number: number of bound variables does not match number of tokens in /Applications/MAMP/htdocs/Deliverables3/class/Logic.php:205
Stack trace:
#0 /Applications/MAMP/htdocs/Deliverables3/class/Logic.php(205): PDOStatement->execute(Array)
#1 /Applications/MAMP/htdocs/Deliverables3/src/UserView/intern_experience/comment/comment.php(66): SystemLogic::db_insert('SELECT * FROM `...', Array)
#2 {main}PDOException: SQLSTATE[HY093]: Invalid parameter number: number of bound variables does not match number of tokens in /Applications/MAMP/htdocs/Deliverables3/class/Logic.php:205
Stack trace:
#0 /Applications/MAMP/htdocs/Deliverables3/class/Logic.php(205): PDOStatement->execute(Array)
#1 /Applications/MAMP/htdocs/Deliverables3/src/UserView/intern_experience/comment/comment.php(66): SystemLogic::db_insert('SELECT * FROM `...', Array)
#2 {main}PDOException: SQLSTATE[HY093]: Invalid parameter number: number of bound variables does not match number of tokens in /Applications/MAMP/htdocs/Deliverables3/class/Logic.php:205
Stack trace:
#0 /Applications/MAMP/htdocs/Deliverables3/class/Logic.php(205): PDOStatement->execute(Array)
#1 /Applications/MAMP/htdocs/Deliverables3/src/UserView/intern_experience/comment/comment.php(66): SystemLogic::db_insert('SELECT * FROM `...', Array)
#2 {main}PDOException: SQLSTATE[HY093]: Invalid parameter number: number of bound variables does not match number of tokens in /Applications/MAMP/htdocs/Deliverables3/class/Logic.php:205
Stack trace:
#0 /Applications/MAMP/htdocs/Deliverables3/class/Logic.php(205): PDOStatement->execute(Array)
#1 /Applications/MAMP/htdocs/Deliverables3/src/UserView/intern_experience/comment/comment.php(66): SystemLogic::db_insert('SELECT * FROM `...', Array)
#2 {main}PDOException: SQLSTATE[HY093]: Invalid parameter number: number of bound variables does not match number of tokens in /Applications/MAMP/htdocs/Deliverables3/class/Logic.php:205
Stack trace:
#0 /Applications/MAMP/htdocs/Deliverables3/class/Logic.php(205): PDOStatement->execute(Array)
#1 /Applications/MAMP/htdocs/Deliverables3/src/UserView/intern_experience/comment/comment.php(66): SystemLogic::db_insert('SELECT * FROM `...', Array)
#2 {main}PDOException: SQLSTATE[42S22]: Column not found: 1054 Unknown column 'intern_reply_table.read_status' in 'order clause' in /Applications/MAMP/htdocs/Deliverables3/class/Logic.php:156
Stack trace:
#0 /Applications/MAMP/htdocs/Deliverables3/class/Logic.php(156): PDOStatement->execute(Array)
#1 /Applications/MAMP/htdocs/Deliverables3/src/UserView/intern_experience/notice/notification.php(36): SystemLogic::db_select_argument('SELECT * FROM i...', Array)
#2 {main}PDOException: SQLSTATE[HY093]: Invalid parameter number: number of bound variables does not match number of tokens in /Applications/MAMP/htdocs/Deliverables3/class/Logic.php:156
Stack trace:
#0 /Applications/MAMP/htdocs/Deliverables3/class/Logic.php(156): PDOStatement->execute(Array)
#1 /Applications/MAMP/htdocs/Deliverables3/src/UserView/intern_experience/notice/notification.php(38): SystemLogic::db_select_argument('SELECT * FROM `...', Array)
#2 {main}PDOException: SQLSTATE[42000]: Syntax error or access violation: 1103 Incorrect table name 'intern_reply_table, ' in /Applications/MAMP/htdocs/Deliverables3/class/Logic.php:156
Stack trace:
#0 /Applications/MAMP/htdocs/Deliverables3/class/Logic.php(156): PDOStatement->execute(Array)
#1 /Applications/MAMP/htdocs/Deliverables3/src/UserView/intern_experience/notice/notification.php(38): SystemLogic::db_select_argument('SELECT * FROM `...', Array)
#2 {main}PDOException: SQLSTATE[42000]: Syntax error or access violation: 1103 Incorrect table name 'intern_reply_table i, ' in /Applications/MAMP/htdocs/Deliverables3/class/Logic.php:156
Stack trace:
#0 /Applications/MAMP/htdocs/Deliverables3/class/Logic.php(156): PDOStatement->execute(Array)
#1 /Applications/MAMP/htdocs/Deliverables3/src/UserView/intern_experience/notice/notification.php(38): SystemLogic::db_select_argument('SELECT * FROM `...', Array)
#2 {main}PDOException: SQLSTATE[42000]: Syntax error or access violation: 1103 Incorrect table name 'intern_reply_table i, ' in /Applications/MAMP/htdocs/Deliverables3/class/Logic.php:156
Stack trace:
#0 /Applications/MAMP/htdocs/Deliverables3/class/Logic.php(156): PDOStatement->execute(Array)
#1 /Applications/MAMP/htdocs/Deliverables3/src/UserView/intern_experience/notice/notification.php(38): SystemLogic::db_select_argument('SELECT * FROM `...', Array)
#2 {main}PDOException: SQLSTATE[42000]: Syntax error or access violation: 1103 Incorrect table name 'intern_reply_table i, ' in /Applications/MAMP/htdocs/Deliverables3/class/Logic.php:156
Stack trace:
#0 /Applications/MAMP/htdocs/Deliverables3/class/Logic.php(156): PDOStatement->execute(Array)
#1 /Applications/MAMP/htdocs/Deliverables3/src/UserView/intern_experience/notice/notification.php(38): SystemLogic::db_select_argument('SELECT * FROM `...', Array)
#2 {main}PDOException: SQLSTATE[42000]: Syntax error or access violation: 1103 Incorrect table name 'intern_reply_table i, ' in /Applications/MAMP/htdocs/Deliverables3/class/Logic.php:156
Stack trace:
#0 /Applications/MAMP/htdocs/Deliverables3/class/Logic.php(156): PDOStatement->execute(Array)
#1 /Applications/MAMP/htdocs/Deliverables3/src/UserView/intern_experience/notice/notification.php(38): SystemLogic::db_select_argument('SELECT * FROM `...', Array)
#2 {main}PDOException: SQLSTATE[42000]: Syntax error or access violation: 1064 You have an error in your SQL syntax; check the manual that corresponds to your MySQL server version for the right syntax to use near 'ORDER BY intern_reply_table.reply_id' at line 1 in /Applications/MAMP/htdocs/Deliverables3/class/Logic.php:156
Stack trace:
#0 /Applications/MAMP/htdocs/Deliverables3/class/Logic.php(156): PDOStatement->execute(Array)
#1 /Applications/MAMP/htdocs/Deliverables3/src/UserView/intern_experience/notice/notification.php(53): SystemLogic::db_select_argument('SELECT * FROM i...', Array)
#2 {main}PDOException: SQLSTATE[42000]: Syntax error or access violation: 1064 You have an error in your SQL syntax; check the manual that corresponds to your MySQL server version for the right syntax to use near 'ORDER BY intern_reply_table.reply_id DESC' at line 1 in /Applications/MAMP/htdocs/Deliverables3/class/Logic.php:156
Stack trace:
#0 /Applications/MAMP/htdocs/Deliverables3/class/Logic.php(156): PDOStatement->execute(Array)
#1 /Applications/MAMP/htdocs/Deliverables3/src/UserView/intern_experience/notice/notification.php(53): SystemLogic::db_select_argument('SELECT * FROM i...', Array)
#2 {main}