PDOException: SQLSTATE[23000]: Integrity constraint violation: 1048 Column 'school_year' cannot be null in /Applications/MAMP/htdocs/Deliverables3/class/userLogic.php:75
Stack trace:
#0 /Applications/MAMP/htdocs/Deliverables3/class/userLogic.php(75): PDOStatement->execute(Array)
#1 /Applications/MAMP/htdocs/Deliverables3/src/userRoute/register/student_information.php(20): UserLogic::createUser(Array)
#2 {main}PDOException: SQLSTATE[HY000]: General error: 1364 Field 'field' doesn't have a default value in /Applications/MAMP/htdocs/Deliverables3/class/InternLogic.php:69
Stack trace:
#0 /Applications/MAMP/htdocs/Deliverables3/class/InternLogic.php(69): PDOStatement->execute(Array)
#1 /Applications/MAMP/htdocs/Deliverables3/src/userRoute/intern/post.php(23): InternLogic::insertInternDate(Array)
#2 {main}PDOException: SQLSTATE[42000]: Syntax error or access violation: 1064 You have an error in your SQL syntax; check the manual that corresponds to your MySQL server version for the right syntax to use near '?' at line 1 in /Applications/MAMP/htdocs/Deliverables3/class/DatabaseLogic.php:16
Stack trace:
#0 /Applications/MAMP/htdocs/Deliverables3/class/DatabaseLogic.php(16): PDOStatement->execute()
#1 /Applications/MAMP/htdocs/Deliverables3/class/UserLogic.php(29): DatabaseLogic::databaseSelect('SELECT * FROM u...', 'kd1341774@st.ko...')
#2 /Applications/MAMP/htdocs/Deliverables3/src/userRoute/register/tentative_register.php(35): UserLogic::emailCheck('kd1341774@st.ko...')
#3 {main}PDOException: SQLSTATE[HY093]: Invalid parameter number: number of bound variables does not match number of tokens in /Applications/MAMP/htdocs/Deliverables3/class/DatabaseLogic.php:39
Stack trace:
#0 /Applications/MAMP/htdocs/Deliverables3/class/DatabaseLogic.php(39): PDOStatement->execute(Array)
#1 /Applications/MAMP/htdocs/Deliverables3/class/userLogic.php(59): DatabaseLogic::databaseInsert('INSERT INTO `us...', Array)
#2 /Applications/MAMP/htdocs/Deliverables3/src/userRoute/register/student_information.php(25): UserLogic::createUser(Array)
#3 {main}PDOException: SQLSTATE[HY093]: Invalid parameter number: number of bound variables does not match number of tokens in /Applications/MAMP/htdocs/Deliverables3/class/DatabaseLogic.php:39
Stack trace:
#0 /Applications/MAMP/htdocs/Deliverables3/class/DatabaseLogic.php(39): PDOStatement->execute(Array)
#1 /Applications/MAMP/htdocs/Deliverables3/class/userLogic.php(59): DatabaseLogic::databaseInsert('INSERT INTO `us...', Array)
#2 /Applications/MAMP/htdocs/Deliverables3/src/userRoute/register/student_information.php(25): UserLogic::createUser(Array)
#3 {main}PDOException: SQLSTATE[HY093]: Invalid parameter number: number of bound variables does not match number of tokens in /Applications/MAMP/htdocs/Deliverables3/class/DatabaseLogic.php:39
Stack trace:
#0 /Applications/MAMP/htdocs/Deliverables3/class/DatabaseLogic.php(39): PDOStatement->execute(Array)
#1 /Applications/MAMP/htdocs/Deliverables3/class/UserLogic.php(59): DatabaseLogic::databaseInsert('INSERT INTO `us...', Array)
#2 /Applications/MAMP/htdocs/Deliverables3/src/userRoute/register/create_user.php(29): UserLogic::createUser(Array)
#3 {main}PDOException: SQLSTATE[HY093]: Invalid parameter number: number of bound variables does not match number of tokens in /Applications/MAMP/htdocs/Deliverables3/class/DatabaseLogic.php:39
Stack trace:
#0 /Applications/MAMP/htdocs/Deliverables3/class/DatabaseLogic.php(39): PDOStatement->execute(Array)
#1 /Applications/MAMP/htdocs/Deliverables3/class/UserLogic.php(68): DatabaseLogic::databaseInsert('INSERT INTO `us...', Array)
#2 /Applications/MAMP/htdocs/Deliverables3/src/userRoute/register/create_user.php(29): UserLogic::createUser(Array)
#3 {main}PDOException: SQLSTATE[42000]: Syntax error or access violation: 1064 You have an error in your SQL syntax; check the manual that corresponds to your MySQL server version for the right syntax to use near 'OUTER JOIN user_master ON intern_table.user_id = user_master.id ORDER BY intern_' at line 1 in /Applications/MAMP/htdocs/Deliverables3/class/InternLogic.php:37
Stack trace:
#0 /Applications/MAMP/htdocs/Deliverables3/class/InternLogic.php(37): PDOStatement->execute()
#1 /Applications/MAMP/htdocs/Deliverables3/src/userRoute/intern/view.php(28): InternLogic::selectInternDate()
#2 {main}PDOException: SQLSTATE[42000]: Syntax error or access violation: 1064 You have an error in your SQL syntax; check the manual that corresponds to your MySQL server version for the right syntax to use near 'OUTER JOIN user_master ON intern_table.user_id = user_master.id' at line 1 in /Applications/MAMP/htdocs/Deliverables3/class/InternLogic.php:37
Stack trace:
#0 /Applications/MAMP/htdocs/Deliverables3/class/InternLogic.php(37): PDOStatement->execute()
#1 /Applications/MAMP/htdocs/Deliverables3/src/userRoute/intern/view.php(28): InternLogic::selectInternDate()
#2 {main}PDOException: SQLSTATE[42000]: Syntax error or access violation: 1064 You have an error in your SQL syntax; check the manual that corresponds to your MySQL server version for the right syntax to use near 'OUTER JOIN user_master ON intern_table.user_id = user_master.id' at line 1 in /Applications/MAMP/htdocs/Deliverables3/class/InternLogic.php:37
Stack trace:
#0 /Applications/MAMP/htdocs/Deliverables3/class/InternLogic.php(37): PDOStatement->execute()
#1 /Applications/MAMP/htdocs/Deliverables3/src/userRoute/intern/view.php(28): InternLogic::selectInternDate()
#2 {main}PDOException: SQLSTATE[42000]: Syntax error or access violation: 1064 You have an error in your SQL syntax; check the manual that corresponds to your MySQL server version for the right syntax to use near 'OUTER JOIN user_master ON intern_table.user_id = user_master.id' at line 1 in /Applications/MAMP/htdocs/Deliverables3/class/InternLogic.php:39
Stack trace:
#0 /Applications/MAMP/htdocs/Deliverables3/class/InternLogic.php(39): PDOStatement->execute()
#1 /Applications/MAMP/htdocs/Deliverables3/src/userRoute/intern/view.php(28): InternLogic::selectInternDate()
#2 {main}PDOException: SQLSTATE[42000]: Syntax error or access violation: 1064 You have an error in your SQL syntax; check the manual that corresponds to your MySQL server version for the right syntax to use near 'OUTER JOIN user_master ON intern_table.user_id = user_master.id' at line 1 in /Applications/MAMP/htdocs/Deliverables3/class/InternLogic.php:39
Stack trace:
#0 /Applications/MAMP/htdocs/Deliverables3/class/InternLogic.php(39): PDOStatement->execute()
#1 /Applications/MAMP/htdocs/Deliverables3/src/userRoute/intern/view.php(28): InternLogic::selectInternDate()
#2 {main}PDOException: SQLSTATE[42000]: Syntax error or access violation: 1064 You have an error in your SQL syntax; check the manual that corresponds to your MySQL server version for the right syntax to use near 'OUTER JOIN user_master ON intern_table.user_id = user_master.id' at line 1 in /Applications/MAMP/htdocs/Deliverables3/class/InternLogic.php:37
Stack trace:
#0 /Applications/MAMP/htdocs/Deliverables3/class/InternLogic.php(37): PDOStatement->execute()
#1 /Applications/MAMP/htdocs/Deliverables3/src/userRoute/intern/view.php(28): InternLogic::selectInternDate()
#2 {main}PDOException: SQLSTATE[42000]: Syntax error or access violation: 1064 You have an error in your SQL syntax; check the manual that corresponds to your MySQL server version for the right syntax to use near 'OUTER JOIN user_master ON intern_table.user_id = user_master.id' at line 1 in /Applications/MAMP/htdocs/Deliverables3/class/InternLogic.php:37
Stack trace:
#0 /Applications/MAMP/htdocs/Deliverables3/class/InternLogic.php(37): PDOStatement->execute()
#1 /Applications/MAMP/htdocs/Deliverables3/src/userRoute/intern/view.php(28): InternLogic::selectInternDate()
#2 {main}PDOException: SQLSTATE[42000]: Syntax error or access violation: 1064 You have an error in your SQL syntax; check the manual that corresponds to your MySQL server version for the right syntax to use near 'OUTER JOIN user_master ON intern_table.user_id = user_master.id' at line 1 in /Applications/MAMP/htdocs/Deliverables3/class/InternLogic.php:37
Stack trace:
#0 /Applications/MAMP/htdocs/Deliverables3/class/InternLogic.php(37): PDOStatement->execute()
#1 /Applications/MAMP/htdocs/Deliverables3/src/userRoute/intern/view.php(28): InternLogic::selectInternDate()
#2 {main}PDOException: SQLSTATE[42000]: Syntax error or access violation: 1064 You have an error in your SQL syntax; check the manual that corresponds to your MySQL server version for the right syntax to use near 'OUTER JOIN user_master ON intern_table.user_id = user_master.id' at line 1 in /Applications/MAMP/htdocs/Deliverables3/class/InternLogic.php:37
Stack trace:
#0 /Applications/MAMP/htdocs/Deliverables3/class/InternLogic.php(37): PDOStatement->execute()
#1 /Applications/MAMP/htdocs/Deliverables3/src/userRoute/intern/view.php(28): InternLogic::selectInternDate()
#2 {main}PDOException: SQLSTATE[42000]: Syntax error or access violation: 1064 You have an error in your SQL syntax; check the manual that corresponds to your MySQL server version for the right syntax to use near 'OUTER JOIN user_master ON intern_table.user_id = user_master.id' at line 1 in /Applications/MAMP/htdocs/Deliverables3/class/InternLogic.php:37
Stack trace:
#0 /Applications/MAMP/htdocs/Deliverables3/class/InternLogic.php(37): PDOStatement->execute()
#1 /Applications/MAMP/htdocs/Deliverables3/src/userRoute/intern/view.php(28): InternLogic::selectInternDate()
#2 {main}PDOException: SQLSTATE[23000]: Integrity constraint violation: 1052 Column 'id' in order clause is ambiguous in /Applications/MAMP/htdocs/Deliverables3/class/InternLogic.php:33
Stack trace:
#0 /Applications/MAMP/htdocs/Deliverables3/class/InternLogic.php(33): PDOStatement->execute()
#1 /Applications/MAMP/htdocs/Deliverables3/src/userRoute/intern/view.php(28): InternLogic::selectInternDate()
#2 {main}PDOException: SQLSTATE[23000]: Integrity constraint violation: 1052 Column 'id' in order clause is ambiguous in /Applications/MAMP/htdocs/Deliverables3/class/InternLogic.php:33
Stack trace:
#0 /Applications/MAMP/htdocs/Deliverables3/class/InternLogic.php(33): PDOStatement->execute()
#1 /Applications/MAMP/htdocs/Deliverables3/src/userRoute/intern/view.php(28): InternLogic::selectInternDate()
#2 {main}PDOException: SQLSTATE[42000]: Syntax error or access violation: 1064 You have an error in your SQL syntax; check the manual that corresponds to your MySQL server version for the right syntax to use near 'OUTER JOIN user_master ON user_master.id = intern_table.user_id order ORDER BY i' at line 1 in /Applications/MAMP/htdocs/Deliverables3/class/DatabaseLogic.php:33
Stack trace:
#0 /Applications/MAMP/htdocs/Deliverables3/class/DatabaseLogic.php(33): PDOStatement->execute()
#1 /Applications/MAMP/htdocs/Deliverables3/class/InternLogic.php(32): DatabaseLogic::databaseSelect2('SELECT * FROM i...')
#2 /Applications/MAMP/htdocs/Deliverables3/src/userRoute/intern/view.php(28): InternLogic::selectInternDate()
#3 {main}PDOException: SQLSTATE[42000]: Syntax error or access violation: 1064 You have an error in your SQL syntax; check the manual that corresponds to your MySQL server version for the right syntax to use near 'OUTER JOIN user_master ON user_master.id = intern_table.user_id ORDER BY intern_' at line 1 in /Applications/MAMP/htdocs/Deliverables3/class/DatabaseLogic.php:33
Stack trace:
#0 /Applications/MAMP/htdocs/Deliverables3/class/DatabaseLogic.php(33): PDOStatement->execute()
#1 /Applications/MAMP/htdocs/Deliverables3/class/InternLogic.php(32): DatabaseLogic::databaseSelect2('SELECT * FROM i...')
#2 /Applications/MAMP/htdocs/Deliverables3/src/userRoute/intern/view.php(28): InternLogic::selectInternDate()
#3 {main}PDOException: SQLSTATE[42000]: Syntax error or access violation: 1064 You have an error in your SQL syntax; check the manual that corresponds to your MySQL server version for the right syntax to use near 'OUTER JOIN user_master ON user_master.id = intern_table.user_id' at line 1 in /Applications/MAMP/htdocs/Deliverables3/class/DatabaseLogic.php:33
Stack trace:
#0 /Applications/MAMP/htdocs/Deliverables3/class/DatabaseLogic.php(33): PDOStatement->execute()
#1 /Applications/MAMP/htdocs/Deliverables3/class/InternLogic.php(32): DatabaseLogic::databaseSelect2('SELECT * FROM i...')
#2 /Applications/MAMP/htdocs/Deliverables3/src/userRoute/intern/view.php(28): InternLogic::selectInternDate()
#3 {main}PDOException: SQLSTATE[42000]: Syntax error or access violation: 1064 You have an error in your SQL syntax; check the manual that corresponds to your MySQL server version for the right syntax to use near 'OUTER JOIN user_master ON user_master.id = intern_table.user_id' at line 1 in /Applications/MAMP/htdocs/Deliverables3/class/DatabaseLogic.php:33
Stack trace:
#0 /Applications/MAMP/htdocs/Deliverables3/class/DatabaseLogic.php(33): PDOStatement->execute()
#1 /Applications/MAMP/htdocs/Deliverables3/class/InternLogic.php(32): DatabaseLogic::databaseSelect2('SELECT * FROM i...')
#2 /Applications/MAMP/htdocs/Deliverables3/src/userRoute/intern/view.php(28): InternLogic::selectInternDate()
#3 {main}PDOException: SQLSTATE[42000]: Syntax error or access violation: 1064 You have an error in your SQL syntax; check the manual that corresponds to your MySQL server version for the right syntax to use near 'OUTER JOIN user_master ON user_master.id = intern_table.user_id' at line 1 in /Applications/MAMP/htdocs/Deliverables3/class/DatabaseLogic.php:33
Stack trace:
#0 /Applications/MAMP/htdocs/Deliverables3/class/DatabaseLogic.php(33): PDOStatement->execute()
#1 /Applications/MAMP/htdocs/Deliverables3/class/InternLogic.php(32): DatabaseLogic::databaseSelect2('SELECT * FROM i...')
#2 /Applications/MAMP/htdocs/Deliverables3/src/userRoute/intern/view.php(28): InternLogic::selectInternDate()
#3 {main}PDOException: SQLSTATE[42000]: Syntax error or access violation: 1064 You have an error in your SQL syntax; check the manual that corresponds to your MySQL server version for the right syntax to use near 'OUTER JOIN user_master ON user_master.id = intern_table.user_id' at line 1 in /Applications/MAMP/htdocs/Deliverables3/class/DatabaseLogic.php:33
Stack trace:
#0 /Applications/MAMP/htdocs/Deliverables3/class/DatabaseLogic.php(33): PDOStatement->execute()
#1 /Applications/MAMP/htdocs/Deliverables3/class/InternLogic.php(32): DatabaseLogic::databaseSelect2('SELECT * FROM i...')
#2 /Applications/MAMP/htdocs/Deliverables3/src/userRoute/intern/view.php(28): InternLogic::selectInternDate()
#3 {main}PDOException: SQLSTATE[42000]: Syntax error or access violation: 1064 You have an error in your SQL syntax; check the manual that corresponds to your MySQL server version for the right syntax to use near 'OUTER JOIN user_master ON user_master.id = intern_table.user_id' at line 1 in /Applications/MAMP/htdocs/Deliverables3/class/DatabaseLogic.php:33
Stack trace:
#0 /Applications/MAMP/htdocs/Deliverables3/class/DatabaseLogic.php(33): PDOStatement->execute()
#1 /Applications/MAMP/htdocs/Deliverables3/class/InternLogic.php(32): DatabaseLogic::databaseSelect2('SELECT * FROM i...')
#2 /Applications/MAMP/htdocs/Deliverables3/src/userRoute/intern/view.php(28): InternLogic::selectInternDate()
#3 {main}PDOException: SQLSTATE[42000]: Syntax error or access violation: 1064 You have an error in your SQL syntax; check the manual that corresponds to your MySQL server version for the right syntax to use near 'OUTER JOIN user_master ON user_master.id = intern_table.user_id' at line 1 in /Applications/MAMP/htdocs/Deliverables3/class/DatabaseLogic.php:33
Stack trace:
#0 /Applications/MAMP/htdocs/Deliverables3/class/DatabaseLogic.php(33): PDOStatement->execute()
#1 /Applications/MAMP/htdocs/Deliverables3/class/InternLogic.php(32): DatabaseLogic::databaseSelect2('SELECT * FROM i...')
#2 /Applications/MAMP/htdocs/Deliverables3/src/userRoute/intern/view.php(28): InternLogic::selectInternDate()
#3 {main}PDOException: SQLSTATE[42000]: Syntax error or access violation: 1064 You have an error in your SQL syntax; check the manual that corresponds to your MySQL server version for the right syntax to use near 'OUTER JOIN user_master ON user_master.id = intern_table.user_id' at line 1 in /Applications/MAMP/htdocs/Deliverables3/class/DatabaseLogic.php:33
Stack trace:
#0 /Applications/MAMP/htdocs/Deliverables3/class/DatabaseLogic.php(33): PDOStatement->execute()
#1 /Applications/MAMP/htdocs/Deliverables3/class/InternLogic.php(32): DatabaseLogic::databaseSelect2('SELECT * FROM i...')
#2 /Applications/MAMP/htdocs/Deliverables3/src/userRoute/intern/view.php(28): InternLogic::selectInternDate()
#3 {main}PDOException: SQLSTATE[42000]: Syntax error or access violation: 1064 You have an error in your SQL syntax; check the manual that corresponds to your MySQL server version for the right syntax to use near 'OUTER JOIN user_master ON user_master.id = intern_table.user_id' at line 1 in /Applications/MAMP/htdocs/Deliverables3/class/DatabaseLogic.php:33
Stack trace:
#0 /Applications/MAMP/htdocs/Deliverables3/class/DatabaseLogic.php(33): PDOStatement->execute()
#1 /Applications/MAMP/htdocs/Deliverables3/class/InternLogic.php(32): DatabaseLogic::databaseSelect2('SELECT * FROM i...')
#2 /Applications/MAMP/htdocs/Deliverables3/src/userRoute/intern/view.php(28): InternLogic::selectInternDate()
#3 {main}PDOException: SQLSTATE[42000]: Syntax error or access violation: 1064 You have an error in your SQL syntax; check the manual that corresponds to your MySQL server version for the right syntax to use near 'OUTER JOIN user_master ON user_master.id = intern_table.user_id' at line 1 in /Applications/MAMP/htdocs/Deliverables3/class/DatabaseLogic.php:33
Stack trace:
#0 /Applications/MAMP/htdocs/Deliverables3/class/DatabaseLogic.php(33): PDOStatement->execute()
#1 /Applications/MAMP/htdocs/Deliverables3/class/InternLogic.php(32): DatabaseLogic::databaseSelect2('SELECT * FROM i...')
#2 /Applications/MAMP/htdocs/Deliverables3/src/userRoute/intern/view.php(28): InternLogic::selectInternDate()
#3 {main}PDOException: SQLSTATE[42000]: Syntax error or access violation: 1064 You have an error in your SQL syntax; check the manual that corresponds to your MySQL server version for the right syntax to use near 'OUTER JOIN user_master ON user_master.id = intern_table.user_id' at line 1 in /Applications/MAMP/htdocs/Deliverables3/class/DatabaseLogic.php:33
Stack trace:
#0 /Applications/MAMP/htdocs/Deliverables3/class/DatabaseLogic.php(33): PDOStatement->execute()
#1 /Applications/MAMP/htdocs/Deliverables3/class/InternLogic.php(32): DatabaseLogic::databaseSelect2('SELECT * FROM i...')
#2 /Applications/MAMP/htdocs/Deliverables3/src/userRoute/intern/view.php(28): InternLogic::selectInternDate()
#3 {main}PDOException: SQLSTATE[42000]: Syntax error or access violation: 1064 You have an error in your SQL syntax; check the manual that corresponds to your MySQL server version for the right syntax to use near 'OUTER JOIN user_master ON user_master.id = intern_table.user_id' at line 1 in /Applications/MAMP/htdocs/Deliverables3/class/DatabaseLogic.php:33
Stack trace:
#0 /Applications/MAMP/htdocs/Deliverables3/class/DatabaseLogic.php(33): PDOStatement->execute()
#1 /Applications/MAMP/htdocs/Deliverables3/class/InternLogic.php(32): DatabaseLogic::databaseSelect2('SELECT * FROM i...')
#2 /Applications/MAMP/htdocs/Deliverables3/src/userRoute/intern/view.php(28): InternLogic::selectInternDate()
#3 {main}PDOException: SQLSTATE[42000]: Syntax error or access violation: 1064 You have an error in your SQL syntax; check the manual that corresponds to your MySQL server version for the right syntax to use near 'OUTER JOIN user_master ON user_master.id = intern_table.user_id' at line 1 in /Applications/MAMP/htdocs/Deliverables3/class/DatabaseLogic.php:33
Stack trace:
#0 /Applications/MAMP/htdocs/Deliverables3/class/DatabaseLogic.php(33): PDOStatement->execute()
#1 /Applications/MAMP/htdocs/Deliverables3/class/InternLogic.php(32): DatabaseLogic::databaseSelect2('SELECT * FROM i...')
#2 /Applications/MAMP/htdocs/Deliverables3/src/userRoute/intern/view.php(28): InternLogic::selectInternDate()
#3 {main}PDOException: SQLSTATE[42000]: Syntax error or access violation: 1064 You have an error in your SQL syntax; check the manual that corresponds to your MySQL server version for the right syntax to use near 'OUTER JOIN user_master ON user_master.id = intern_table.user_id' at line 1 in /Applications/MAMP/htdocs/Deliverables3/class/DatabaseLogic.php:33
Stack trace:
#0 /Applications/MAMP/htdocs/Deliverables3/class/DatabaseLogic.php(33): PDOStatement->execute()
#1 /Applications/MAMP/htdocs/Deliverables3/class/InternLogic.php(32): DatabaseLogic::databaseSelect2('SELECT * FROM i...')
#2 /Applications/MAMP/htdocs/Deliverables3/src/userRoute/intern/view.php(28): InternLogic::selectInternDate()
#3 {main}PDOException: SQLSTATE[42000]: Syntax error or access violation: 1064 You have an error in your SQL syntax; check the manual that corresponds to your MySQL server version for the right syntax to use near 'OUTER JOIN user_master ON user_master.id = intern_table.user_id' at line 1 in /Applications/MAMP/htdocs/Deliverables3/class/DatabaseLogic.php:33
Stack trace:
#0 /Applications/MAMP/htdocs/Deliverables3/class/DatabaseLogic.php(33): PDOStatement->execute()
#1 /Applications/MAMP/htdocs/Deliverables3/class/InternLogic.php(32): DatabaseLogic::databaseSelect2('SELECT * FROM i...')
#2 /Applications/MAMP/htdocs/Deliverables3/src/userRoute/intern/view.php(28): InternLogic::selectInternDate()
#3 {main}PDOException: SQLSTATE[42000]: Syntax error or access violation: 1064 You have an error in your SQL syntax; check the manual that corresponds to your MySQL server version for the right syntax to use near 'OUTER JOIN user_master ON user_master.id = intern_table.user_id' at line 1 in /Applications/MAMP/htdocs/Deliverables3/class/DatabaseLogic.php:33
Stack trace:
#0 /Applications/MAMP/htdocs/Deliverables3/class/DatabaseLogic.php(33): PDOStatement->execute()
#1 /Applications/MAMP/htdocs/Deliverables3/class/InternLogic.php(32): DatabaseLogic::databaseSelect2('SELECT * FROM i...')
#2 /Applications/MAMP/htdocs/Deliverables3/src/userRoute/intern/view.php(28): InternLogic::selectInternDate()
#3 {main}PDOException: SQLSTATE[42000]: Syntax error or access violation: 1064 You have an error in your SQL syntax; check the manual that corresponds to your MySQL server version for the right syntax to use near 'OUTER JOIN user_master ON user_master.id = intern_table.user_id' at line 1 in /Applications/MAMP/htdocs/Deliverables3/class/DatabaseLogic.php:33
Stack trace:
#0 /Applications/MAMP/htdocs/Deliverables3/class/DatabaseLogic.php(33): PDOStatement->execute()
#1 /Applications/MAMP/htdocs/Deliverables3/class/InternLogic.php(32): DatabaseLogic::databaseSelect2('SELECT * FROM i...')
#2 /Applications/MAMP/htdocs/Deliverables3/src/userRoute/intern/view.php(28): InternLogic::selectInternDate()
#3 {main}PDOException: SQLSTATE[42000]: Syntax error or access violation: 1064 You have an error in your SQL syntax; check the manual that corresponds to your MySQL server version for the right syntax to use near 'OUTER JOIN user_master ON user_master.id = intern_table.user_id' at line 1 in /Applications/MAMP/htdocs/Deliverables3/class/DatabaseLogic.php:33
Stack trace:
#0 /Applications/MAMP/htdocs/Deliverables3/class/DatabaseLogic.php(33): PDOStatement->execute()
#1 /Applications/MAMP/htdocs/Deliverables3/class/InternLogic.php(32): DatabaseLogic::databaseSelect2('SELECT * FROM i...')
#2 /Applications/MAMP/htdocs/Deliverables3/src/userRoute/intern/view.php(28): InternLogic::selectInternDate()
#3 {main}PDOException: SQLSTATE[42000]: Syntax error or access violation: 1064 You have an error in your SQL syntax; check the manual that corresponds to your MySQL server version for the right syntax to use near 'OUTER JOIN user_master ON user_master.id = intern_table.user_id' at line 1 in /Applications/MAMP/htdocs/Deliverables3/class/DatabaseLogic.php:33
Stack trace:
#0 /Applications/MAMP/htdocs/Deliverables3/class/DatabaseLogic.php(33): PDOStatement->execute()
#1 /Applications/MAMP/htdocs/Deliverables3/class/InternLogic.php(32): DatabaseLogic::databaseSelect2('SELECT * FROM i...')
#2 /Applications/MAMP/htdocs/Deliverables3/src/userRoute/intern/view.php(28): InternLogic::selectInternDate()
#3 {main}PDOException: SQLSTATE[42000]: Syntax error or access violation: 1064 You have an error in your SQL syntax; check the manual that corresponds to your MySQL server version for the right syntax to use near 'OUTER JOIN user_master ON user_master.id = intern_table.user_id' at line 1 in /Applications/MAMP/htdocs/Deliverables3/class/DatabaseLogic.php:33
Stack trace:
#0 /Applications/MAMP/htdocs/Deliverables3/class/DatabaseLogic.php(33): PDOStatement->execute()
#1 /Applications/MAMP/htdocs/Deliverables3/class/InternLogic.php(32): DatabaseLogic::databaseSelect2('SELECT * FROM i...')
#2 /Applications/MAMP/htdocs/Deliverables3/src/userRoute/intern/view.php(28): InternLogic::selectInternDate()
#3 {main}PDOException: SQLSTATE[42000]: Syntax error or access violation: 1064 You have an error in your SQL syntax; check the manual that corresponds to your MySQL server version for the right syntax to use near 'OUTER JOIN user_master ON user_master.id = intern_table.user_id' at line 1 in /Applications/MAMP/htdocs/Deliverables3/class/DatabaseLogic.php:33
Stack trace:
#0 /Applications/MAMP/htdocs/Deliverables3/class/DatabaseLogic.php(33): PDOStatement->execute()
#1 /Applications/MAMP/htdocs/Deliverables3/class/InternLogic.php(32): DatabaseLogic::databaseSelect2('SELECT * FROM i...')
#2 /Applications/MAMP/htdocs/Deliverables3/src/userRoute/intern/view.php(28): InternLogic::selectInternDate()
#3 {main}PDOException: SQLSTATE[42000]: Syntax error or access violation: 1064 You have an error in your SQL syntax; check the manual that corresponds to your MySQL server version for the right syntax to use near 'OUTER JOIN user_master ON user_master.id = intern_table.user_id' at line 1 in /Applications/MAMP/htdocs/Deliverables3/class/DatabaseLogic.php:33
Stack trace:
#0 /Applications/MAMP/htdocs/Deliverables3/class/DatabaseLogic.php(33): PDOStatement->execute()
#1 /Applications/MAMP/htdocs/Deliverables3/class/InternLogic.php(32): DatabaseLogic::databaseSelect2('SELECT * FROM i...')
#2 /Applications/MAMP/htdocs/Deliverables3/src/userRoute/intern/view.php(28): InternLogic::selectInternDate()
#3 {main}PDOException: SQLSTATE[42000]: Syntax error or access violation: 1064 You have an error in your SQL syntax; check the manual that corresponds to your MySQL server version for the right syntax to use near 'OUTER JOIN user_master ON user_master.id = intern_table.user_id' at line 1 in /Applications/MAMP/htdocs/Deliverables3/class/DatabaseLogic.php:33
Stack trace:
#0 /Applications/MAMP/htdocs/Deliverables3/class/DatabaseLogic.php(33): PDOStatement->execute()
#1 /Applications/MAMP/htdocs/Deliverables3/class/InternLogic.php(32): DatabaseLogic::databaseSelect2('SELECT * FROM i...')
#2 /Applications/MAMP/htdocs/Deliverables3/src/userRoute/intern/view.php(28): InternLogic::selectInternDate()
#3 {main}